<?xml version="1.0" encoding="UTF-8"?>
<!-- Generated by org.testng.reporters.JUnitReportReporter -->
<testsuite hostname="DESKTOP-CE9JQAE" failures="0" tests="1" name="com.WebApp.Gaana" time="0.237" errors="0" timestamp="2024-03-06T15:46:05 IST" skipped="0">
  <testcase classname="com.WebApp.Gaana" name="Test" time="0.237"/>
</testsuite> <!-- com.WebApp.Gaana -->
