<?xml version="1.0" encoding="UTF-8"?>
<!-- Generated by org.testng.reporters.JUnitReportReporter -->
<testsuite hostname="DESKTOP-CE9JQAE" failures="0" tests="1" name="com.WindowsHandling.Windows" time="12.678" errors="0" timestamp="2024-04-25T17:15:47 IST" skipped="0">
  <testcase classname="com.WindowsHandling.Windows" name="test" time="12.678"/>
</testsuite> <!-- com.WindowsHandling.Windows -->
