<?xml version="1.0" encoding="UTF-8"?>
<!-- Generated by org.testng.reporters.JUnitReportReporter -->
<testsuite hostname="DESKTOP-CE9JQAE" failures="0" tests="3" name="com.JQuery.Selectable" time="7.869" errors="0" timestamp="2024-03-28T15:05:26 IST" skipped="0">
  <testcase classname="com.JQuery.Selectable" name="selectable" time="3.023"/>
  <testcase classname="com.JQuery.Selectable" name="selectAll" time="4.306"/>
  <testcase classname="com.JQuery.Selectable" name="selectElements" time="0.540"/>
</testsuite> <!-- com.JQuery.Selectable -->
