<?xml version="1.0" encoding="UTF-8"?>
<!-- Generated by org.testng.reporters.JUnitReportReporter -->
<testsuite hostname="DESKTOP-CE9JQAE" failures="0" tests="1" name="com.WebApp.YouTube" time="14.003" errors="0" timestamp="2024-03-05T22:47:48 IST" skipped="0">
  <testcase classname="com.WebApp.YouTube" name="test" time="14.003"/>
</testsuite> <!-- com.WebApp.YouTube -->
