<?xml version="1.0" encoding="UTF-8"?>
<!-- Generated by org.testng.reporters.JUnitReportReporter -->
<testsuite hostname="DESKTOP-CE9JQAE" failures="0" tests="6" name="com.OrangeHRMApplication.Excel_OrangeHRMCompleteEmployeeList" time="36.355" errors="0" timestamp="2024-03-09T15:24:01 IST" skipped="0">
  <testcase classname="com.OrangeHRMApplication.Excel_OrangeHRMCompleteEmployeeList" name="logInPageTest" time="1.837"/>
  <testcase classname="com.OrangeHRMApplication.Excel_OrangeHRMCompleteEmployeeList" name="logInTest" time="2.860"/>
  <testcase classname="com.OrangeHRMApplication.Excel_OrangeHRMCompleteEmployeeList" name="homePageTest" time="0.078"/>
  <testcase classname="com.OrangeHRMApplication.Excel_OrangeHRMCompleteEmployeeList" name="orangeHRM_Print_EmployeeList" time="28.939"/>
  <testcase classname="com.OrangeHRMApplication.Excel_OrangeHRMCompleteEmployeeList" name="logOutTest" time="2.523"/>
  <testcase classname="com.OrangeHRMApplication.Excel_OrangeHRMCompleteEmployeeList" name="logInPageTestAfterLogOut" time="0.118"/>
</testsuite> <!-- com.OrangeHRMApplication.Excel_OrangeHRMCompleteEmployeeList -->
