<?xml version="1.0" encoding="UTF-8"?>
<!-- Generated by org.testng.reporters.JUnitReportReporter -->
<testsuite hostname="DESKTOP-CE9JQAE" failures="0" tests="1" name="com.Xpath.FacebookLogInTest" time="0.468" errors="0" timestamp="2024-02-21T21:50:04 IST" skipped="0">
  <testcase classname="com.Xpath.FacebookLogInTest" name="loginTest" time="0.468"/>
</testsuite> <!-- com.Xpath.FacebookLogInTest -->
