<?xml version="1.0" encoding="UTF-8"?>
<!-- Generated by org.testng.reporters.JUnitReportReporter -->
<testsuite hostname="DESKTOP-CE9JQAE" failures="0" tests="1" name="com.Xpath.GmailLogInTest" time="0.586" errors="0" timestamp="2024-02-21T22:08:13 IST" skipped="0">
  <testcase classname="com.Xpath.GmailLogInTest" name="LogInTest" time="0.586"/>
</testsuite> <!-- com.Xpath.GmailLogInTest -->
