<?xml version="1.0" encoding="UTF-8"?>
<!-- Generated by org.testng.reporters.JUnitReportReporter -->
<testsuite hostname="DESKTOP-CE9JQAE" failures="0" tests="4" name="com.WaitConcept.LogInTest" time="3.224" errors="0" timestamp="2024-03-01T16:45:48 IST" skipped="0">
  <testcase classname="com.WaitConcept.LogInTest" name="logInPageValidationTest" time="0.203"/>
  <testcase classname="com.WaitConcept.LogInTest" name="logInTest" time="1.908"/>
  <testcase classname="com.WaitConcept.LogInTest" name="homePageValidationTest" time="0.072"/>
  <testcase classname="com.WaitConcept.LogInTest" name="logOutTest" time="1.041"/>
</testsuite> <!-- com.WaitConcept.LogInTest -->
