<?xml version="1.0" encoding="UTF-8"?>
<!-- Generated by org.testng.reporters.JUnitReportReporter -->
<testsuite hostname="DESKTOP-CE9JQAE" failures="0" tests="1" name="com.JQuery.Sortable" time="0.735" errors="0" timestamp="2024-03-28T16:17:25 IST" skipped="0">
  <testcase classname="com.JQuery.Sortable" name="sortable" time="0.735"/>
</testsuite> <!-- com.JQuery.Sortable -->
