<?xml version="1.0" encoding="UTF-8"?>
<!-- Generated by org.testng.reporters.JUnitReportReporter -->
<testsuite hostname="DESKTOP-CE9JQAE" failures="0" tests="3" name="com.OrangeHRMApplicationPagesTests.HomePageTest" time="5.036" errors="0" timestamp="2024-03-20T17:28:41 IST" skipped="0">
  <testcase classname="com.OrangeHRMApplicationPagesTests.HomePageTest" name="orangeHRMApplication_LogInPageTextTest" time="0.109"/>
  <testcase classname="com.OrangeHRMApplicationPagesTests.HomePageTest" name="orangeHRMApplication_LogInTestValidation" time="4.736"/>
  <testcase classname="com.OrangeHRMApplicationPagesTests.HomePageTest" name="orangeHRMApplication_HomePageTextTest" time="0.191"/>
</testsuite> <!-- com.OrangeHRMApplicationPagesTests.HomePageTest -->
