<?xml version="1.0" encoding="UTF-8"?>
<!-- Generated by org.testng.reporters.JUnitReportReporter -->
<testsuite hostname="DESKTOP-CE9JQAE" failures="0" tests="3" name="com.OrangeHRMApplicationPagesTests.LogInPagetest" time="8.342" errors="0" timestamp="2024-03-21T14:44:09 IST" skipped="0">
  <testcase classname="com.OrangeHRMApplicationPagesTests.LogInPagetest" name="orangeHRMApplicationLogInPage_LogInPannelTextTest" time="0.295"/>
  <testcase classname="com.OrangeHRMApplicationPagesTests.LogInPagetest" name="orangeHRMApplicationLogInpage_LogoValidation" time="0.232"/>
  <testcase classname="com.OrangeHRMApplicationPagesTests.LogInPagetest" name="orangeHRMApplicationLogInPage_LogInValidation" time="7.815"/>
</testsuite> <!-- com.OrangeHRMApplicationPagesTests.LogInPagetest -->
