<?xml version="1.0" encoding="UTF-8"?>
<!-- Generated by org.testng.reporters.JUnitReportReporter -->
<testsuite hostname="DESKTOP-CE9JQAE" failures="0" tests="1" name="com.DatePicker.Abhibus" time="8.999" errors="0" timestamp="2024-04-03T16:48:17 IST" skipped="0">
  <testcase classname="com.DatePicker.Abhibus" name="application" time="8.999"/>
</testsuite> <!-- com.DatePicker.Abhibus -->
