<?xml version="1.0" encoding="UTF-8"?>
<!-- Generated by org.testng.reporters.JUnitReportReporter -->
<testsuite hostname="DESKTOP-CE9JQAE" failures="0" tests="2" name="com.RadioButtonsTesting.Practice" time="16.310" errors="0" timestamp="2024-05-17T19:11:01 IST" skipped="0">
  <testcase classname="com.RadioButtonsTesting.Practice" name="test" time="0.028"/>
  <testcase classname="com.RadioButtonsTesting.Practice" name="main" time="16.282"/>
</testsuite> <!-- com.RadioButtonsTesting.Practice -->
